<?xml version="1.0" encoding="UTF-8"?>
<!-- Generated by org.testng.reporters.JUnitReportReporter -->
<testsuite skipped="1" hostname="DESKTOP-UEKOIJ6" name="testCases.AllTestCases" tests="5" failures="0" timestamp="01 Apr 2020 10:59:58 GMT" time="177.020" errors="0">
  <testcase name="handlingMultipleWindows" time="32.644" classname="testCases.AllTestCases"/>
  <testcase name="brokenLinkMethod" time="69.311" classname="testCases.AllTestCases"/>
  <testcase name="bootstrapDropdownMethod" time="20.581" classname="testCases.AllTestCases">
    <skipped/>
  </testcase> <!-- bootstrapDropdownMethod -->
  <testcase name="bootstrapDropdownMethod" time="8.253" classname="testCases.AllTestCases"/>
  <testcase name="fullPageScreenshot" time="46.231" classname="testCases.AllTestCases"/>
</testsuite> <!-- testCases.AllTestCases -->
